c:\users\enes\documents\vısual studıo 2015\projects\qtguıapplıcatıon2\qtguıapplıcatıon2\x64\debug\maın.obj
c:\users\enes\documents\vısual studıo 2015\projects\qtguıapplıcatıon2\qtguıapplıcatıon2\x64\debug\moc_qtguıapplıcatıon2.obj
c:\users\enes\documents\vısual studıo 2015\projects\qtguıapplıcatıon2\qtguıapplıcatıon2\x64\debug\qrc_qtguıapplıcatıon2.obj
c:\users\enes\documents\vısual studıo 2015\projects\qtguıapplıcatıon2\qtguıapplıcatıon2\x64\debug\qtguıapplıcatıon2.obj
c:\users\enes\documents\vısual studıo 2015\projects\qtguıapplıcatıon2\qtguıapplıcatıon2\x64\debug\vc140.pdb
c:\users\enes\documents\vısual studıo 2015\projects\qtguıapplıcatıon2\x64\debug\qtguıapplıcatıon2.ılk
c:\users\enes\documents\vısual studıo 2015\projects\qtguıapplıcatıon2\x64\debug\qtguıapplıcatıon2.exe
c:\users\enes\documents\vısual studıo 2015\projects\qtguıapplıcatıon2\x64\debug\qtguıapplıcatıon2.pdb
c:\users\enes\documents\vısual studıo 2015\projects\qtguıapplıcatıon2\qtguıapplıcatıon2\x64\debug\\moc\moc_qtguıapplıcatıon2.cpp
c:\users\enes\documents\visual studio 2015\projects\qtguiapplication2\qtguiapplication2\x64\debug\uic\ui_qtguiapplication2.h
c:\users\enes\documents\visual studio 2015\projects\qtguiapplication2\qtguiapplication2\x64\debug\rcc\qrc_qtguiapplication2.cpp
c:\users\enes\documents\visual studio 2015\projects\qtguiapplication2\qtguiapplication2\x64\debug\moc\moc_qtguiapplication2.cpp
c:\users\enes\documents\vısual studıo 2015\projects\qtguıapplıcatıon2\qtguıapplıcatıon2\x64\debug\\rcc\qrc_qtguıapplıcatıon2.cpp
c:\users\enes\documents\vısual studıo 2015\projects\qtguıapplıcatıon2\qtguıapplıcatıon2\x64\debug\\uıc\uı_qtguıapplıcatıon2.h
c:\users\enes\documents\visual studio 2015\projects\qtguiapplication2\qtguiapplication2\x64\debug\main.obj
c:\users\enes\documents\visual studio 2015\projects\qtguiapplication2\qtguiapplication2\x64\debug\moc_qtguiapplication2.obj
c:\users\enes\documents\visual studio 2015\projects\qtguiapplication2\qtguiapplication2\x64\debug\qrc_qtguiapplication2.obj
c:\users\enes\documents\visual studio 2015\projects\qtguiapplication2\qtguiapplication2\x64\debug\qtguiapplication2.obj
c:\users\enes\documents\visual studio 2015\projects\qtguiapplication2\qtguiapplication2\x64\debug\vc140.pdb
c:\users\enes\documents\visual studio 2015\projects\qtguiapplication2\x64\debug\qtguiapplication2.pdb
c:\users\enes\documents\visual studio 2015\projects\qtguiapplication2\x64\debug\qtguiapplication2.exe
c:\users\enes\documents\visual studio 2015\projects\qtguiapplication2\x64\debug\qtguiapplication2.ilk
c:\users\enes\documents\visual studio 2015\projects\qtguiapplication2\qtguiapplication2\x64\debug\qtguiapp.b12702ad.tlog\cl.command.1.tlog
c:\users\enes\documents\visual studio 2015\projects\qtguiapplication2\qtguiapplication2\x64\debug\qtguiapp.b12702ad.tlog\cl.read.1.tlog
c:\users\enes\documents\visual studio 2015\projects\qtguiapplication2\qtguiapplication2\x64\debug\qtguiapp.b12702ad.tlog\cl.write.1.tlog
c:\users\enes\documents\visual studio 2015\projects\qtguiapplication2\qtguiapplication2\x64\debug\qtguiapp.b12702ad.tlog\link.command.1.tlog
c:\users\enes\documents\visual studio 2015\projects\qtguiapplication2\qtguiapplication2\x64\debug\qtguiapp.b12702ad.tlog\link.read.1.tlog
c:\users\enes\documents\visual studio 2015\projects\qtguiapplication2\qtguiapplication2\x64\debug\qtguiapp.b12702ad.tlog\link.write.1.tlog
c:\users\enes\documents\visual studio 2015\projects\qtguiapplication2\qtguiapplication2\x64\debug\qtguiapp.b12702ad.tlog\moc.read.1u.tlog
c:\users\enes\documents\visual studio 2015\projects\qtguiapplication2\qtguiapplication2\x64\debug\qtguiapp.b12702ad.tlog\moc.write.1u.tlog
c:\users\enes\documents\visual studio 2015\projects\qtguiapplication2\qtguiapplication2\x64\debug\qtguiapp.b12702ad.tlog\qtguiapplication2.write.1u.tlog
c:\users\enes\documents\visual studio 2015\projects\qtguiapplication2\qtguiapplication2\x64\debug\qtguiapp.b12702ad.tlog\rcc.read.1u.tlog
c:\users\enes\documents\visual studio 2015\projects\qtguiapplication2\qtguiapplication2\x64\debug\qtguiapp.b12702ad.tlog\rcc.write.1u.tlog
c:\users\enes\documents\visual studio 2015\projects\qtguiapplication2\qtguiapplication2\x64\debug\qtguiapp.b12702ad.tlog\uic.read.1u.tlog
c:\users\enes\documents\visual studio 2015\projects\qtguiapplication2\qtguiapplication2\x64\debug\qtguiapp.b12702ad.tlog\uic.write.1u.tlog
